<?xml version="1.0" encoding="utf-8" ?>
<!-- DO NOT EDIT THIS FILE -->

<log version='2.0' source='mc'>
	<!-- Successfully loaded CCRT at address 56000000 - 5606E000 -->
	<!-- Successfully loaded MC at address 55000000 - 55A79000 -->
	<!-- Analysis started for C:\Users\SAJID\SkyDrive\Documents\Visual Studio Projects\CPlusPlus General\LinkedList\Debug\LinkedList.exe, pid = 2240 -->
	<msg id='1' source='mc'>
		<type>EXEC_OF_INTEREST</type>
		<severity>INFO</severity>
		<timestamp>Fri Dec 20 07:57:15 2013</timestamp>
		<arg name='path'>C:\Users\SAJID\SkyDrive\Documents\Visual Studio Projects\CPlusPlus General\LinkedList\Debug\LinkedList.exe</arg>
		<arg name='pid'>2240</arg>
	</msg>
	<!-- Command line: C:\Program Files (x86)\Intel\Inspector XE 2013\bin32\pin -xyzzy -mesgoff console -xyzzy -bridge_save_x87 0 -bridge_save_mxcsr 0 -follow_execv -error_file C:\Users\SAJID\SkyDrive\Documents\Visual Studio Projects\CPlusPlus General\LinkedList\LinkedList\My Inspector XE Results - LinkedList\r000mi1\data.0\pin_error.log -logfile C:\Users\SAJID\SkyDrive\Documents\Visual Studio Projects\CPlusPlus General\LinkedList\LinkedList\My Inspector XE Results - LinkedList\r000mi1\data.0\pin.log -xyzzy -region_max_inss 500 -p64 C:\Program Files (x86)\Intel\Inspector XE 2013\bin64\pin -t64 C:\Program Files (x86)\Intel\Inspector XE 2013\bin64\memchkr -t C:\Program Files (x86)\Intel\Inspector XE 2013\bin32\memchkr -no-analyze-stack -no-access-checks -leak-check-on-exit -leak-check-report-reachable -check-resource-leaks -freelist-vol 0 -leak-maximum 100000 -guard-zone-size 0 -stack-depth 8 -heartbeat 1 -working-dir C:\Users\SAJID\SkyDrive\Documents\Visual Studio Projects\CPlusPlus General\LinkedList\LinkedList\My Inspector XE Results - LinkedList\r000mi1\data.0 -log mc_LinkedList.log -result LinkedList - C:\Users\SAJID\SkyDrive\Documents\Visual Studio Projects\CPlusPlus General\LinkedList\Debug\LinkedList.exe  -->
	<!-- mc's options are the following:  -->
	<!-- -help                              false -->
	<!-- -verbose                           false -->
	<!-- -xyzzy                             false -->
	<!-- -version                           false -->
	<!-- -help-all                          false -->
	<!-- -xyzzy-all                         false -->
	<!-- -report-all-instances              false -->
	<!-- -check-for-padded-structures       true -->
	<!-- -check-for-bitfields               true -->
	<!-- -analyze-stack                     false -->
	<!-- -access-checks                     false -->
	<!-- -check-uninit-read                 false -->
	<!-- -check-invalid-access              false -->
	<!-- -advanced-uninit-read              false -->
	<!-- -duplicate-uninits                 false -->
	<!-- -bss-initialized                   true -->
	<!-- -align-alloc-size                  false -->
	<!-- -report-uninit-read                false -->
	<!-- -ignore-system-libraries           false -->
	<!-- -gen-suppressions                  false -->
	<!-- -leak-check-on-exit                true -->
	<!-- -leak-check-on-demand              false -->
	<!-- -leak-check-uses-baseline          true -->
	<!-- -enable-memory-growth              false -->
	<!-- -leak-check-report-reachable       true -->
	<!-- -leak-check-full                   true -->
	<!-- -check-resource-leaks              true -->
	<!-- -xml                               true -->
	<!-- -trace-children                    false -->
	<!-- -enable-poke                       false -->
	<!-- -jit-mode-anyway                   false -->
	<!-- -disable-probe-mode-mismatches-64  true -->
	<!-- -aggressive-callstack-caching      false -->
	<!-- -suppress-breakpoints              false -->
	<!-- -monitor-memory                    false -->
	<!-- -freelist-vol                      0 -->
	<!-- -leak-maximum                      100000 -->
	<!-- -guard-zone-size                   0 -->
	<!-- -stack-depth                       8 -->
	<!-- -asdp-major                        2 -->
	<!-- -asdp-minor                        0 -->
	<!-- -heartbeat                         1 -->
	<!-- -breakpoint-file                   (null) -->
	<!-- -config-file                       (null) -->
	<!-- -log                               mc_LinkedList.log -->
	<!-- -ignore-commands                   (null),  -->
	<!-- -ignore-modules                    (null),  -->
	<!-- -ignore-symbols                    (null),  -->
	<!-- -module-of-interest                (null),  -->
	<!-- -executable-of-interest            (null),  -->
	<!-- -working-dir                       C:\Users\SAJID\SkyDrive\Documents\Visual Studio Projects\CPlusPlus General\LinkedList\LinkedList\My Inspector XE Results - LinkedList\r000mi1\data.0 -->
	<!-- -result                            LinkedList -->
	<!-- -exclude-module                    (null),  -->
	<!-- -include-module                    (null),  -->
	<!-- -only-exec-commands                (null),  -->
	<!-- -suppressions                      (null),  -->
	<!-- -debug                             none -->
	<!-- -shared-mem-name                   (null) -->
	<!-- -poke-function                     (null),  -->
	<!-- -log-socket                        (null) -->
	<!-- -analysis-mode                     (null) -->
	<!-- -disable-gatekeeping               false -->
	<!-- -ignore-os-allocators              false -->
	<!-- probe mode: yes -->
	<!-- invalid access: no -->
	<!-- uninit read: no -->
	<!-- Module loaded C:\Users\SAJID\SkyDrive\Documents\Visual Studio Projects\CPlusPlus General\LinkedList\Debug\LinkedList.exe, address range [0x010a0000-0x010aefff] -->
	<msg id='2' source='mc'>
		<type>MODULE_LOAD</type>
		<severity>INFO</severity>
		<timestamp>Fri Dec 20 07:57:16 2013</timestamp>
		<arg name='path'>C:\Users\SAJID\SkyDrive\Documents\Visual Studio Projects\CPlusPlus General\LinkedList\Debug\LinkedList.exe</arg>
		<arg name='addr1'>0x010A0000</arg>
		<arg name='addr2'>0x010AEFFF</arg>
	</msg>
	<!-- Module loaded C:\Program Files (x86)\Intel\Inspector XE 2013\bin32\dnclrprof.dll, address range [0x10000000-0x1002cfff], minimal analysis -->
	<msg id='3' source='mc'>
		<type>MODULE_LOAD_NO_ANALYSIS</type>
		<severity>INFO</severity>
		<timestamp>Fri Dec 20 07:57:16 2013</timestamp>
		<arg name='path'>C:\Program Files (x86)\Intel\Inspector XE 2013\bin32\dnclrprof.dll</arg>
		<arg name='addr1'>0x10000000</arg>
		<arg name='addr2'>0x1002CFFF</arg>
	</msg>
	<!-- Module loaded C:\Program Files (x86)\Intel\Inspector XE 2013\bin32\ccrt12.dll, address range [0x56000000-0x56120fff], minimal analysis -->
	<msg id='4' source='mc'>
		<type>MODULE_LOAD_NO_ANALYSIS</type>
		<severity>INFO</severity>
		<timestamp>Fri Dec 20 07:57:17 2013</timestamp>
		<arg name='path'>C:\Program Files (x86)\Intel\Inspector XE 2013\bin32\ccrt12.dll</arg>
		<arg name='addr1'>0x56000000</arg>
		<arg name='addr2'>0x56120FFF</arg>
	</msg>
	<!-- Module loaded C:\Windows\SYSTEM32\bcryptPrimitives.dll, address range [0x74b40000-0x74b90fff] -->
	<msg id='5' source='mc'>
		<type>MODULE_LOAD</type>
		<severity>INFO</severity>
		<timestamp>Fri Dec 20 07:57:17 2013</timestamp>
		<arg name='path'>C:\Windows\SYSTEM32\bcryptPrimitives.dll</arg>
		<arg name='addr1'>0x74B40000</arg>
		<arg name='addr2'>0x74B90FFF</arg>
	</msg>
	<!-- Module loaded C:\Windows\SYSTEM32\CRYPTBASE.dll, address range [0x74ba0000-0x74ba8fff], minimal analysis -->
	<msg id='6' source='mc'>
		<type>MODULE_LOAD_NO_ANALYSIS</type>
		<severity>INFO</severity>
		<timestamp>Fri Dec 20 07:57:17 2013</timestamp>
		<arg name='path'>C:\Windows\SYSTEM32\CRYPTBASE.dll</arg>
		<arg name='addr1'>0x74BA0000</arg>
		<arg name='addr2'>0x74BA8FFF</arg>
	</msg>
	<!-- Module loaded C:\Windows\SYSTEM32\SspiCli.dll, address range [0x74bb0000-0x74bccfff] -->
	<msg id='7' source='mc'>
		<type>MODULE_LOAD</type>
		<severity>INFO</severity>
		<timestamp>Fri Dec 20 07:57:17 2013</timestamp>
		<arg name='path'>C:\Windows\SYSTEM32\SspiCli.dll</arg>
		<arg name='addr1'>0x74BB0000</arg>
		<arg name='addr2'>0x74BCCFFF</arg>
	</msg>
	<!-- Module loaded C:\Windows\SYSTEM32\USER32.dll, address range [0x75e40000-0x75f8efff], minimal analysis -->
	<msg id='8' source='mc'>
		<type>MODULE_LOAD_NO_ANALYSIS</type>
		<severity>INFO</severity>
		<timestamp>Fri Dec 20 07:57:17 2013</timestamp>
		<arg name='path'>C:\Windows\SYSTEM32\USER32.dll</arg>
		<arg name='addr1'>0x75E40000</arg>
		<arg name='addr2'>0x75F8EFFF</arg>
	</msg>
	<!-- Module loaded C:\Windows\SYSTEM32\MSCTF.dll, address range [0x75f90000-0x76086fff], minimal analysis -->
	<msg id='9' source='mc'>
		<type>MODULE_LOAD_NO_ANALYSIS</type>
		<severity>INFO</severity>
		<timestamp>Fri Dec 20 07:57:17 2013</timestamp>
		<arg name='path'>C:\Windows\SYSTEM32\MSCTF.dll</arg>
		<arg name='addr1'>0x75F90000</arg>
		<arg name='addr2'>0x76086FFF</arg>
	</msg>
	<!-- Module loaded C:\Windows\SYSTEM32\GDI32.dll, address range [0x76240000-0x76347fff], minimal analysis -->
	<msg id='10' source='mc'>
		<type>MODULE_LOAD_NO_ANALYSIS</type>
		<severity>INFO</severity>
		<timestamp>Fri Dec 20 07:57:17 2013</timestamp>
		<arg name='path'>C:\Windows\SYSTEM32\GDI32.dll</arg>
		<arg name='addr1'>0x76240000</arg>
		<arg name='addr2'>0x76347FFF</arg>
	</msg>
	<!-- Module loaded C:\Windows\SYSTEM32\KERNELBASE.dll, address range [0x76500000-0x765cefff], minimal analysis -->
	<msg id='11' source='mc'>
		<type>MODULE_LOAD_NO_ANALYSIS</type>
		<severity>INFO</severity>
		<timestamp>Fri Dec 20 07:57:17 2013</timestamp>
		<arg name='path'>C:\Windows\SYSTEM32\KERNELBASE.dll</arg>
		<arg name='addr1'>0x76500000</arg>
		<arg name='addr2'>0x765CEFFF</arg>
	</msg>
	<!-- Module loaded C:\Windows\SYSTEM32\RPCRT4.dll, address range [0x76660000-0x76710fff], minimal analysis -->
	<msg id='12' source='mc'>
		<type>MODULE_LOAD_NO_ANALYSIS</type>
		<severity>INFO</severity>
		<timestamp>Fri Dec 20 07:57:17 2013</timestamp>
		<arg name='path'>C:\Windows\SYSTEM32\RPCRT4.dll</arg>
		<arg name='addr1'>0x76660000</arg>
		<arg name='addr2'>0x76710FFF</arg>
	</msg>
	<!-- Module loaded C:\Windows\SYSTEM32\ADVAPI32.dll, address range [0x76730000-0x767a6fff], minimal analysis -->
	<msg id='13' source='mc'>
		<type>MODULE_LOAD_NO_ANALYSIS</type>
		<severity>INFO</severity>
		<timestamp>Fri Dec 20 07:57:17 2013</timestamp>
		<arg name='path'>C:\Windows\SYSTEM32\ADVAPI32.dll</arg>
		<arg name='addr1'>0x76730000</arg>
		<arg name='addr2'>0x767A6FFF</arg>
	</msg>
	<!-- Module loaded C:\Windows\SYSTEM32\combase.dll, address range [0x76840000-0x7698dfff] -->
	<msg id='14' source='mc'>
		<type>MODULE_LOAD</type>
		<severity>INFO</severity>
		<timestamp>Fri Dec 20 07:57:17 2013</timestamp>
		<arg name='path'>C:\Windows\SYSTEM32\combase.dll</arg>
		<arg name='addr1'>0x76840000</arg>
		<arg name='addr2'>0x7698DFFF</arg>
	</msg>
	<!-- Module loaded C:\Windows\SYSTEM32\msvcrt.dll, address range [0x76a40000-0x76afdfff], minimal analysis -->
	<msg id='15' source='mc'>
		<type>MODULE_LOAD_NO_ANALYSIS</type>
		<severity>INFO</severity>
		<timestamp>Fri Dec 20 07:57:17 2013</timestamp>
		<arg name='path'>C:\Windows\SYSTEM32\msvcrt.dll</arg>
		<arg name='addr1'>0x76A40000</arg>
		<arg name='addr2'>0x76AFDFFF</arg>
	</msg>
	<!-- Module loaded C:\Windows\SYSTEM32\sechost.dll, address range [0x76b50000-0x76b8dfff] -->
	<msg id='16' source='mc'>
		<type>MODULE_LOAD</type>
		<severity>INFO</severity>
		<timestamp>Fri Dec 20 07:57:17 2013</timestamp>
		<arg name='path'>C:\Windows\SYSTEM32\sechost.dll</arg>
		<arg name='addr1'>0x76B50000</arg>
		<arg name='addr2'>0x76B8DFFF</arg>
	</msg>
	<!-- Module loaded C:\Windows\system32\IMM32.DLL, address range [0x76b90000-0x76bb4fff], minimal analysis -->
	<msg id='17' source='mc'>
		<type>MODULE_LOAD_NO_ANALYSIS</type>
		<severity>INFO</severity>
		<timestamp>Fri Dec 20 07:57:17 2013</timestamp>
		<arg name='path'>C:\Windows\system32\IMM32.DLL</arg>
		<arg name='addr1'>0x76B90000</arg>
		<arg name='addr2'>0x76BB4FFF</arg>
	</msg>
	<!-- Module loaded C:\Windows\SYSTEM32\ole32.dll, address range [0x76bc0000-0x76ccafff], minimal analysis -->
	<msg id='18' source='mc'>
		<type>MODULE_LOAD_NO_ANALYSIS</type>
		<severity>INFO</severity>
		<timestamp>Fri Dec 20 07:57:17 2013</timestamp>
		<arg name='path'>C:\Windows\SYSTEM32\ole32.dll</arg>
		<arg name='addr1'>0x76BC0000</arg>
		<arg name='addr2'>0x76CCAFFF</arg>
	</msg>
	<!-- Module loaded C:\Windows\SYSTEM32\KERNEL32.DLL, address range [0x76d10000-0x76e4ffff], minimal analysis -->
	<msg id='19' source='mc'>
		<type>MODULE_LOAD_NO_ANALYSIS</type>
		<severity>INFO</severity>
		<timestamp>Fri Dec 20 07:57:17 2013</timestamp>
		<arg name='path'>C:\Windows\SYSTEM32\KERNEL32.DLL</arg>
		<arg name='addr1'>0x76D10000</arg>
		<arg name='addr2'>0x76E4FFFF</arg>
	</msg>
	<!-- Module loaded C:\Windows\SYSTEM32\ntdll.dll, address range [0x77180000-0x772e7fff], minimal analysis -->
	<msg id='20' source='mc'>
		<type>MODULE_LOAD_NO_ANALYSIS</type>
		<severity>INFO</severity>
		<timestamp>Fri Dec 20 07:57:17 2013</timestamp>
		<arg name='path'>C:\Windows\SYSTEM32\ntdll.dll</arg>
		<arg name='addr1'>0x77180000</arg>
		<arg name='addr2'>0x772E7FFF</arg>
	</msg>
	<!-- Module loaded C:\Program Files (x86)\Norton AntiVirus\NortonData\21.1.0.18\Definitions\BASHDefs\20131203.001\UMEngx86.dll, address range [0x61090000-0x610c5fff] -->
	<msg id='21' source='mc'>
		<type>MODULE_LOAD</type>
		<severity>INFO</severity>
		<timestamp>Fri Dec 20 07:57:17 2013</timestamp>
		<arg name='path'>C:\Program Files (x86)\Norton AntiVirus\NortonData\21.1.0.18\Definitions\BASHDefs\20131203.001\UMEngx86.dll</arg>
		<arg name='addr1'>0x61090000</arg>
		<arg name='addr2'>0x610C5FFF</arg>
	</msg>
	<!-- Module loaded C:\Windows\SYSTEM32\MSVCR120D.dll, address range [0x571c0000-0x5737efff] -->
	<msg id='22' source='mc'>
		<type>MODULE_LOAD</type>
		<severity>INFO</severity>
		<timestamp>Fri Dec 20 07:57:17 2013</timestamp>
		<arg name='path'>C:\Windows\SYSTEM32\MSVCR120D.dll</arg>
		<arg name='addr1'>0x571C0000</arg>
		<arg name='addr2'>0x5737EFFF</arg>
	</msg>