c:\users\sajid\appdata\local\temp\irmagent.log
c:\users\sajid\skydrive\documents\visual studio projects\cplusplus general\linkedlist\linkedlist\debug\linkedlist.tlog\icl-intelremotemonserver-intelremotemonagent-intelremotemonagent2.read.1.tlog
c:\users\sajid\skydrive\documents\visual studio projects\cplusplus general\linkedlist\linkedlist\debug\utilities1.obj
c:\users\sajid\skydrive\documents\visual studio projects\cplusplus general\linkedlist\linkedlist\debug\utilities10.obj
c:\users\sajid\skydrive\documents\visual studio projects\cplusplus general\linkedlist\linkedlist\debug\utilities11.obj
c:\users\sajid\skydrive\documents\visual studio projects\cplusplus general\linkedlist\linkedlist\debug\utilities12.obj
c:\users\sajid\skydrive\documents\visual studio projects\cplusplus general\linkedlist\linkedlist\debug\utilities13.obj
c:\users\sajid\skydrive\documents\visual studio projects\cplusplus general\linkedlist\linkedlist\debug\utilities14.obj
c:\users\sajid\skydrive\documents\visual studio projects\cplusplus general\linkedlist\linkedlist\debug\utilities15.obj
c:\users\sajid\skydrive\documents\visual studio projects\cplusplus general\linkedlist\linkedlist\debug\utilities16.obj
c:\users\sajid\skydrive\documents\visual studio projects\cplusplus general\linkedlist\linkedlist\debug\utilities17.obj
c:\users\sajid\skydrive\documents\visual studio projects\cplusplus general\linkedlist\linkedlist\debug\utilities18.obj
c:\users\sajid\skydrive\documents\visual studio projects\cplusplus general\linkedlist\linkedlist\debug\utilities2.obj
c:\users\sajid\skydrive\documents\visual studio projects\cplusplus general\linkedlist\linkedlist\debug\utilities3.obj
c:\users\sajid\skydrive\documents\visual studio projects\cplusplus general\linkedlist\linkedlist\debug\utilities4.obj
c:\users\sajid\skydrive\documents\visual studio projects\cplusplus general\linkedlist\linkedlist\debug\utilities5.obj
c:\users\sajid\skydrive\documents\visual studio projects\cplusplus general\linkedlist\linkedlist\debug\utilities6.obj
c:\users\sajid\skydrive\documents\visual studio projects\cplusplus general\linkedlist\linkedlist\debug\utilities7.obj
c:\users\sajid\skydrive\documents\visual studio projects\cplusplus general\linkedlist\linkedlist\debug\utilities8.obj
c:\users\sajid\skydrive\documents\visual studio projects\cplusplus general\linkedlist\linkedlist\debug\utilities9.obj
c:\users\sajid\skydrive\documents\visual studio projects\cplusplus general\linkedlist\linkedlist\debug\source.obj
c:\users\sajid\skydrive\documents\visual studio projects\cplusplus general\linkedlist\linkedlist\debug\vc120.pdb
c:\users\sajid\skydrive\documents\visual studio projects\cplusplus general\linkedlist\linkedlist\debug\linkedlist.tlog\icl-intelremotemonserver-intelremotemonagent-intelremotemonagent2.write.1.tlog
c:\users\sajid\skydrive\documents\visual studio projects\cplusplus general\linkedlist\linkedlist\debug\linkedlist.tlog\icl-intelremotemonserver-intelremotemonagent.read.1.tlog
c:\users\sajid\skydrive\documents\visual studio projects\cplusplus general\linkedlist\linkedlist\debug\linkedlist.tlog\icl-intelremotemonserver-intelremotemonagent.read.2.tlog
c:\users\sajid\skydrive\documents\visual studio projects\cplusplus general\linkedlist\linkedlist\debug\linkedlist.tlog\icl-intelremotemonserver-intelremotemonagent.write.2.tlog
c:\users\sajid\skydrive\documents\visual studio projects\cplusplus general\linkedlist\linkedlist\debug\linkedlist.tlog\icl-intelremotemonserver.read.1.tlog
c:\users\sajid\skydrive\documents\visual studio projects\cplusplus general\linkedlist\linkedlist\debug\linkedlist.tlog\icl-intelremotemonserver.read.2.tlog
c:\users\sajid\skydrive\documents\visual studio projects\cplusplus general\linkedlist\linkedlist\debug\linkedlist.tlog\icl-intelremotemonserver.read.4.tlog
c:\users\sajid\skydrive\documents\visual studio projects\cplusplus general\linkedlist\linkedlist\debug\linkedlist.tlog\icl-intelremotemonserver.write.2.tlog
c:\users\sajid\skydrive\documents\visual studio projects\cplusplus general\linkedlist\linkedlist\debug\linkedlist.tlog\icl-intelremotemonserver.write.4.tlog
c:\users\sajid\skydrive\documents\visual studio projects\cplusplus general\linkedlist\linkedlist\debug\linkedlist.tlog\icl-mcpcom.read.1.tlog
c:\users\sajid\skydrive\documents\visual studio projects\cplusplus general\linkedlist\linkedlist\debug\linkedlist.tlog\icl-mcpcom.write.1.tlog
c:\users\sajid\skydrive\documents\visual studio projects\cplusplus general\linkedlist\linkedlist\debug\linkedlist.tlog\icl.command.1.tlog
c:\users\sajid\skydrive\documents\visual studio projects\cplusplus general\linkedlist\linkedlist\debug\linkedlist.tlog\icl.read.1.tlog
c:\users\sajid\skydrive\documents\visual studio projects\cplusplus general\linkedlist\linkedlist\debug\linkedlist.tlog\icl.write.1.tlog
